<?xml version="1.0" encoding="UTF-8"?>
<!-- Generated by org.testng.reporters.JUnitReportReporter -->
<testsuite hostname="LIN41005711" failures="0" tests="2" name="testrunner.landingPageExcel_testrunner" time="84.694" errors="0" timestamp="2023-06-09T10:22:05 IST" skipped="0">
  <testcase classname="testrunner.landingPageExcel_testrunner" name="runScenario" time="42.121"/>
  <system-out/>
  <testcase classname="testrunner.landingPageExcel_testrunner" name="runScenario" time="42.573"/>
  <system-out/>
</testsuite> <!-- testrunner.landingPageExcel_testrunner -->
