<?xml version="1.0" encoding="UTF-8"?>
<!-- Generated by org.testng.reporters.JUnitReportReporter -->
<testsuite hostname="lin80027007" failures="0" tests="3" name="testrunner.landingPage_testrunner2" time="52.208" errors="0" timestamp="2023-08-10T20:29:47 IST" skipped="0">
  <testcase classname="testrunner.landingPage_testrunner2" name="runScenario" time="10.867"/>
  <system-out/>
  <testcase classname="testrunner.landingPage_testrunner2" name="runScenario" time="14.012"/>
  <system-out/>
  <testcase classname="testrunner.landingPage_testrunner2" name="runScenario" time="27.329"/>
  <system-out/>
</testsuite> <!-- testrunner.landingPage_testrunner2 -->
