<?xml version="1.0" encoding="UTF-8"?>
<!-- Generated by org.testng.reporters.JUnitReportReporter -->
<testsuite hostname="LIN41005711" failures="0" tests="2" name="testrunner.landingPage_testrunner3" time="114.364" errors="0" timestamp="2023-06-08T16:05:34 IST" skipped="0">
  <testcase classname="testrunner.landingPage_testrunner3" name="runScenario" time="57.317"/>
  <system-out/>
  <testcase classname="testrunner.landingPage_testrunner3" name="runScenario" time="57.047"/>
  <system-out/>
</testsuite> <!-- testrunner.landingPage_testrunner3 -->
