<?xml version="1.0" encoding="UTF-8"?>
<!-- Generated by org.testng.reporters.JUnitReportReporter -->
<testsuite hostname="lin80027007" failures="0" tests="3" name="testrunner.landingPage_testrunner" time="59.744" errors="0" timestamp="2023-08-10T20:28:06 IST" skipped="0">
  <testcase classname="testrunner.landingPage_testrunner" name="runScenario" time="20.527"/>
  <system-out/>
  <testcase classname="testrunner.landingPage_testrunner" name="runScenario" time="18.162"/>
  <system-out/>
  <testcase classname="testrunner.landingPage_testrunner" name="runScenario" time="21.055"/>
  <system-out/>
</testsuite> <!-- testrunner.landingPage_testrunner -->
