<?xml version="1.0" encoding="UTF-8"?>
<!-- Generated by org.testng.reporters.JUnitReportReporter -->
<testsuite hostname="lin80027007" failures="0" tests="3" name="testrunner.landingPage_testrunner" time="69.161" errors="0" timestamp="2023-08-21T11:34:43 IST" skipped="0">
  <testcase classname="testrunner.landingPage_testrunner" name="runScenario" time="22.496"/>
  <system-out/>
  <testcase classname="testrunner.landingPage_testrunner" name="runScenario" time="25.033"/>
  <system-out/>
  <testcase classname="testrunner.landingPage_testrunner" name="runScenario" time="21.632"/>
  <system-out/>
</testsuite> <!-- testrunner.landingPage_testrunner -->
