<?xml version="1.0" encoding="UTF-8"?>
<!-- Generated by org.testng.reporters.JUnitReportReporter -->
<testsuite hostname="lin80027007" failures="0" tests="3" name="testrunner.landingPage_testrunner2" time="41.915" errors="0" timestamp="2023-08-21T11:34:43 IST" skipped="0">
  <testcase classname="testrunner.landingPage_testrunner2" name="runScenario" time="16.070"/>
  <system-out/>
  <testcase classname="testrunner.landingPage_testrunner2" name="runScenario" time="15.010"/>
  <system-out/>
  <testcase classname="testrunner.landingPage_testrunner2" name="runScenario" time="10.835"/>
  <system-out/>
</testsuite> <!-- testrunner.landingPage_testrunner2 -->
