<?xml version="1.0" encoding="UTF-8"?>
<!-- Generated by org.testng.reporters.JUnitReportReporter -->
<testsuite hostname="lin80027007" failures="0" tests="2" name="testrunner.landingPageExcel_testrunner" time="78.982" errors="0" timestamp="2023-08-21T11:34:43 IST" skipped="0">
  <testcase classname="testrunner.landingPageExcel_testrunner" name="runScenario" time="40.316"/>
  <system-out/>
  <testcase classname="testrunner.landingPageExcel_testrunner" name="runScenario" time="38.666"/>
  <system-out/>
</testsuite> <!-- testrunner.landingPageExcel_testrunner -->
